0 info it worked if it ends with ok
1 verbose cli [ 'C:\\Program Files\\nodejs\\node.exe',
1 verbose cli   'C:\\Program Files\\nodejs\\node_modules\\npm\\bin\\npm-cli.js',
1 verbose cli   'start' ]
2 info using npm@3.10.10
3 info using node@v6.10.0
4 verbose run-script [ 'prestart', 'start', 'poststart' ]
5 info lifecycle timer@1.0.0~prestart: timer@1.0.0
6 silly lifecycle timer@1.0.0~prestart: no script for prestart, continuing
7 info lifecycle timer@1.0.0~start: timer@1.0.0
8 verbose lifecycle timer@1.0.0~start: unsafe-perm in lifecycle true
9 verbose lifecycle timer@1.0.0~start: PATH: C:\Program Files\nodejs\node_modules\npm\bin\node-gyp-bin;C:\Users\ptorrent\Documents\Desarrollos personales\Udemy - Electron\Electroncode\boilerplates\tasky\node_modules\.bin;C:\ProgramData\Oracle\Java\javapath;C:\Program Files (x86)\Intel\iCLS Client\;C:\Program Files\Intel\iCLS Client\;C:\windows\system32;C:\windows;C:\windows\System32\Wbem;C:\windows\System32\WindowsPowerShell\v1.0\;C:\Program Files (x86)\Intel\Intel(R) Management Engine Components\DAL;C:\Program Files\Intel\Intel(R) Management Engine Components\DAL;C:\Program Files (x86)\Intel\Intel(R) Management Engine Components\IPT;C:\Program Files\Intel\Intel(R) Management Engine Components\IPT;C:\PROGRA~2\COMMON~1\AUTODE~1;C:\PROGRA~2\COMMON~1\CYCOSH~1;C:\Users\ptorrent\.dnx\bin;C:\Program Files\Microsoft DNX\Dnvm\;C:\Program Files\Microsoft SQL Server\120\Tools\Binn\;C:\Program Files\Microsoft SQL Server\130\Tools\Binn\;C:\Program Files\nodejs\;C:\Program Files\Git\cmd;C:\Users\ptorrent\AppData\Local\atom\bin;C:\Users\ptorrent\AppData\Roaming\npm;C:\Program Files (x86)\Microsoft VS Code\bin
10 verbose lifecycle timer@1.0.0~start: CWD: C:\Users\ptorrent\Documents\Desarrollos personales\Udemy - Electron\Electroncode\boilerplates\tasky
11 silly lifecycle timer@1.0.0~start: Args: [ '/d /s /c', 'webpack-dev-server' ]
12 silly lifecycle timer@1.0.0~start: Returned: code: 3221225786  signal: null
13 info lifecycle timer@1.0.0~start: Failed to exec start script
14 verbose stack Error: timer@1.0.0 start: `webpack-dev-server`
14 verbose stack Exit status 3221225786
14 verbose stack     at EventEmitter.<anonymous> (C:\Program Files\nodejs\node_modules\npm\lib\utils\lifecycle.js:255:16)
14 verbose stack     at emitTwo (events.js:106:13)
14 verbose stack     at EventEmitter.emit (events.js:191:7)
14 verbose stack     at ChildProcess.<anonymous> (C:\Program Files\nodejs\node_modules\npm\lib\utils\spawn.js:40:14)
14 verbose stack     at emitTwo (events.js:106:13)
14 verbose stack     at ChildProcess.emit (events.js:191:7)
14 verbose stack     at maybeClose (internal/child_process.js:877:16)
14 verbose stack     at Process.ChildProcess._handle.onexit (internal/child_process.js:226:5)
15 verbose pkgid timer@1.0.0
16 verbose cwd C:\Users\ptorrent\Documents\Desarrollos personales\Udemy - Electron\Electroncode\boilerplates\tasky
17 error Windows_NT 6.1.7601
18 error argv "C:\\Program Files\\nodejs\\node.exe" "C:\\Program Files\\nodejs\\node_modules\\npm\\bin\\npm-cli.js" "start"
19 error node v6.10.0
20 error npm  v3.10.10
21 error code ELIFECYCLE
22 error timer@1.0.0 start: `webpack-dev-server`
22 error Exit status 3221225786
23 error Failed at the timer@1.0.0 start script 'webpack-dev-server'.
23 error Make sure you have the latest version of node.js and npm installed.
23 error If you do, this is most likely a problem with the timer package,
23 error not with npm itself.
23 error Tell the author that this fails on your system:
23 error     webpack-dev-server
23 error You can get information on how to open an issue for this project with:
23 error     npm bugs timer
23 error Or if that isn't available, you can get their info via:
23 error     npm owner ls timer
23 error There is likely additional logging output above.
24 verbose exit [ 1, true ]
